Using pre-set license

 COMMAND LINE ARGUMENTS:
/Users/tomicz/Documents/unity-projects/2021.1.0b11/Unity.app/Contents/MacOS/Unity
-adb2
-batchMode
-noUpm
-name
AssetImportWorker0
-projectPath
/Users/tomicz/Documents/unity-projects/Optimized Grid
-logFile
Logs/AssetImportWorker0.log
-srvPort
64984
Successfully changed project path to: /Users/tomicz/Documents/unity-projects/Optimized Grid
/Users/tomicz/Documents/unity-projects/Optimized Grid
Using Asset Import Pipeline V2.
Refreshing native plugins compatible for Editor in 101.27 ms, found 2 plugins.
Preloading 0 native plugins for Editor in 0.00 ms.
Initialize engine version: 2021.1.0b11 (ddf8e7a924bd)
[Subsystems] Discovering subsystems at path /Users/tomicz/Documents/unity-projects/2021.1.0b11/Unity.app/Contents/Resources/UnitySubsystems
[Subsystems] Discovering subsystems at path /Users/tomicz/Documents/unity-projects/Optimized Grid/Assets
GfxDevice: creating device client; threaded=0; jobified=0
2021-03-24 18:04:58.601 Unity[72555:20246472] (null) preferred device: Apple M1 (high power)
2021-03-24 18:04:58.601 Unity[72555:20246472] Metal devices available: 1
2021-03-24 18:04:58.601 Unity[72555:20246472] 0: Apple M1 (high power)
2021-03-24 18:04:58.601 Unity[72555:20246472] Using device Apple M1 (high power)
Initializing Metal device caps: Apple M1
Initialize mono
Mono path[0] = '/Users/tomicz/Documents/unity-projects/2021.1.0b11/Unity.app/Contents/Managed'
Mono path[1] = '/Users/tomicz/Documents/unity-projects/2021.1.0b11/Unity.app/Contents/MonoBleedingEdge/lib/mono/unityjit'
Mono config path = '/Users/tomicz/Documents/unity-projects/2021.1.0b11/Unity.app/Contents/MonoBleedingEdge/etc'
Using monoOptions --debugger-agent=transport=dt_socket,embedding=1,server=y,suspend=n,address=127.0.0.1:56555
Begin MonoManager ReloadAssembly
Registering precompiled unity dll's ...
Register platform support module: /Users/tomicz/Documents/unity-projects/2021.1.0b11/Unity.app/Contents/PlaybackEngines/MacStandaloneSupport/UnityEditor.OSXStandalone.Extensions.dll
Registered in 0.002366 seconds.
Native extension for OSXStandalone target not found
Refreshing native plugins compatible for Editor in 98.45 ms, found 2 plugins.
Preloading 0 native plugins for Editor in 0.00 ms.
Mono: successfully reloaded assembly
- Completed reload, in  2.103 seconds
Platform modules already initialized, skipping
Registering precompiled user dll's ...
Registered in 0.004349 seconds.
Begin MonoManager ReloadAssembly
Native extension for OSXStandalone target not found
Refreshing native plugins compatible for Editor in 101.70 ms, found 2 plugins.
Preloading 0 native plugins for Editor in 0.00 ms.
Mono: successfully reloaded assembly
- Completed reload, in  2.180 seconds
Platform modules already initialized, skipping
========================================================================
Worker process is ready to serve import requests
Launching external process: /Users/tomicz/Documents/unity-projects/2021.1.0b11/Unity.app/Contents/Tools/UnityShaderCompiler
Launched and connected shader compiler UnityShaderCompiler after 0.05 seconds
Refreshing native plugins compatible for Editor in 0.81 ms, found 2 plugins.
Preloading 0 native plugins for Editor in 0.00 ms.
Unloading 3467 Unused Serialized files (Serialized files now loaded: 0)
System memory in use before: 205.2 MB.
System memory in use after: 205.4 MB.

Unloading 37 unused Assets to reduce memory usage. Loaded Objects now: 3910.
Total: 1.902333 ms (FindLiveObjects: 0.181834 ms CreateObjectMapping: 0.076209 ms MarkObjects: 1.590000 ms  DeleteObjects: 0.053458 ms)

========================================================================
Received Import Request.
  path: Assets/Tomicz/Examples/GridGenerator.cs
  artifactKey: Guid(b3bdf5ee8deb24635bfcfb809d328986) Importer(815301076,1909f56bfc062723c751e8b465ee728b)
Start importing Assets/Tomicz/Examples/GridGenerator.cs using Guid(b3bdf5ee8deb24635bfcfb809d328986) Importer(815301076,1909f56bfc062723c751e8b465ee728b)  -> (artifact id: '9631386422a4a192ae27e26c5ac3f69c') in 1.121769 seconds 
========================================================================
Received Prepare
Registering precompiled user dll's ...
Registered in 0.001715 seconds.
Begin MonoManager ReloadAssembly
Native extension for OSXStandalone target not found
Refreshing native plugins compatible for Editor in 0.67 ms, found 2 plugins.
Preloading 0 native plugins for Editor in 0.00 ms.
Mono: successfully reloaded assembly
- Completed reload, in  1.982 seconds
Platform modules already initialized, skipping
Refreshing native plugins compatible for Editor in 0.63 ms, found 2 plugins.
Preloading 0 native plugins for Editor in 0.00 ms.
Unloading 3457 Unused Serialized files (Serialized files now loaded: 0)
System memory in use before: 209.4 MB.
System memory in use after: 209.7 MB.

Unloading 25 unused Assets to reduce memory usage. Loaded Objects now: 3914.
Total: 1.789292 ms (FindLiveObjects: 0.174708 ms CreateObjectMapping: 0.076250 ms MarkObjects: 1.512166 ms  DeleteObjects: 0.025333 ms)

========================================================================
Received Prepare
Registering precompiled user dll's ...
Registered in 0.001875 seconds.
Begin MonoManager ReloadAssembly
Native extension for OSXStandalone target not found
Refreshing native plugins compatible for Editor in 0.69 ms, found 2 plugins.
Preloading 0 native plugins for Editor in 0.00 ms.
Mono: successfully reloaded assembly
- Completed reload, in  2.186 seconds
Platform modules already initialized, skipping
Refreshing native plugins compatible for Editor in 0.64 ms, found 2 plugins.
Preloading 0 native plugins for Editor in 0.00 ms.
Unloading 3457 Unused Serialized files (Serialized files now loaded: 0)
System memory in use before: 209.7 MB.
System memory in use after: 209.9 MB.

Unloading 25 unused Assets to reduce memory usage. Loaded Objects now: 3918.
Total: 6.539458 ms (FindLiveObjects: 0.928209 ms CreateObjectMapping: 0.088209 ms MarkObjects: 5.499375 ms  DeleteObjects: 0.022542 ms)

========================================================================
Received Import Request.
  Time since last request: 110.332706 seconds.
  path: Assets/Tomicz/Examples/GridGenerator.cs
  artifactKey: Guid(b3bdf5ee8deb24635bfcfb809d328986) Importer(815301076,1909f56bfc062723c751e8b465ee728b)
Start importing Assets/Tomicz/Examples/GridGenerator.cs using Guid(b3bdf5ee8deb24635bfcfb809d328986) Importer(815301076,1909f56bfc062723c751e8b465ee728b)  -> (artifact id: '5d5eb465252a6cd4b2bdfd860f7f590e') in 0.017922 seconds 
========================================================================
Received Prepare
Registering precompiled user dll's ...
Registered in 0.003470 seconds.
Begin MonoManager ReloadAssembly
Native extension for OSXStandalone target not found
Refreshing native plugins compatible for Editor in 0.84 ms, found 2 plugins.
Preloading 0 native plugins for Editor in 0.00 ms.
Mono: successfully reloaded assembly
- Completed reload, in  2.049 seconds
Platform modules already initialized, skipping
Refreshing native plugins compatible for Editor in 0.87 ms, found 2 plugins.
Preloading 0 native plugins for Editor in 0.00 ms.
Unloading 3457 Unused Serialized files (Serialized files now loaded: 0)
System memory in use before: 209.9 MB.
System memory in use after: 210.2 MB.

Unloading 25 unused Assets to reduce memory usage. Loaded Objects now: 3922.
Total: 1.830333 ms (FindLiveObjects: 0.163583 ms CreateObjectMapping: 0.079958 ms MarkObjects: 1.570542 ms  DeleteObjects: 0.015292 ms)

========================================================================
Received Import Request.
  Time since last request: 207.644036 seconds.
  path: Assets/Tomicz/Scripts/Grid
  artifactKey: Guid(63a5173abc0114a1e913f3bd650b1f24) Importer(815301076,1909f56bfc062723c751e8b465ee728b)
Start importing Assets/Tomicz/Scripts/Grid using Guid(63a5173abc0114a1e913f3bd650b1f24) Importer(815301076,1909f56bfc062723c751e8b465ee728b)  -> (artifact id: '47f1360f9e17ce83595f15477486a9f4') in 0.033850 seconds 
========================================================================
Received Prepare
Registering precompiled user dll's ...
Registered in 0.002172 seconds.
Begin MonoManager ReloadAssembly
Native extension for OSXStandalone target not found
Refreshing native plugins compatible for Editor in 0.72 ms, found 2 plugins.
Preloading 0 native plugins for Editor in 0.00 ms.
Mono: successfully reloaded assembly
- Completed reload, in  2.775 seconds
Platform modules already initialized, skipping
Refreshing native plugins compatible for Editor in 0.83 ms, found 2 plugins.
Preloading 0 native plugins for Editor in 0.00 ms.
Unloading 3457 Unused Serialized files (Serialized files now loaded: 0)
System memory in use before: 210.2 MB.
System memory in use after: 210.4 MB.

Unloading 25 unused Assets to reduce memory usage. Loaded Objects now: 3926.
Total: 1.875083 ms (FindLiveObjects: 0.198333 ms CreateObjectMapping: 0.127334 ms MarkObjects: 1.533750 ms  DeleteObjects: 0.014792 ms)

